  geometrie.c
C:\Users\atoudeft\Documents\moumene\TCH009\devoir\A2021\a-distribuer\Projet initial - Microsoft Visual Studio\BONGalistix-VisualStudio\BONGalistix-VisualStudio\BONGalistix-VisualStudio\geometrie.c(50,17): warning C4101: 'dy' : variable locale non référencée
C:\Users\atoudeft\Documents\moumene\TCH009\devoir\A2021\a-distribuer\Projet initial - Microsoft Visual Studio\BONGalistix-VisualStudio\BONGalistix-VisualStudio\BONGalistix-VisualStudio\geometrie.c(50,14): warning C4101: 'dx' : variable locale non référencée
C:\Users\atoudeft\Documents\moumene\TCH009\devoir\A2021\a-distribuer\Projet initial - Microsoft Visual Studio\BONGalistix-VisualStudio\BONGalistix-VisualStudio\BONGalistix-VisualStudio\geometrie.c(50,12): warning C4101: 'd' : variable locale non référencée
C:\Users\atoudeft\Documents\moumene\TCH009\devoir\A2021\a-distribuer\Projet initial - Microsoft Visual Studio\BONGalistix-VisualStudio\BONGalistix-VisualStudio\BONGalistix-VisualStudio\geometrie.c(96,18): warning C4244: 'return' : conversion de 'double' en 'int', perte possible de données
C:\Users\atoudeft\Documents\moumene\TCH009\devoir\A2021\a-distribuer\Projet initial - Microsoft Visual Studio\BONGalistix-VisualStudio\BONGalistix-VisualStudio\BONGalistix-VisualStudio\geometrie.c(126,18): warning C4244: 'return' : conversion de 'double' en 'int', perte possible de données
C:\Users\atoudeft\Documents\moumene\TCH009\devoir\A2021\a-distribuer\Projet initial - Microsoft Visual Studio\BONGalistix-VisualStudio\BONGalistix-VisualStudio\BONGalistix-VisualStudio\geometrie.c(161,18): warning C4101: 'c1' : variable locale non référencée
C:\Users\atoudeft\Documents\moumene\TCH009\devoir\A2021\a-distribuer\Projet initial - Microsoft Visual Studio\BONGalistix-VisualStudio\BONGalistix-VisualStudio\BONGalistix-VisualStudio\geometrie.c(162,15): warning C4101: 'b2' : variable locale non référencée
C:\Users\atoudeft\Documents\moumene\TCH009\devoir\A2021\a-distribuer\Projet initial - Microsoft Visual Studio\BONGalistix-VisualStudio\BONGalistix-VisualStudio\BONGalistix-VisualStudio\geometrie.c(162,12): warning C4101: 'a2' : variable locale non référencée
C:\Users\atoudeft\Documents\moumene\TCH009\devoir\A2021\a-distribuer\Projet initial - Microsoft Visual Studio\BONGalistix-VisualStudio\BONGalistix-VisualStudio\BONGalistix-VisualStudio\geometrie.c(161,12): warning C4101: 'a1' : variable locale non référencée
C:\Users\atoudeft\Documents\moumene\TCH009\devoir\A2021\a-distribuer\Projet initial - Microsoft Visual Studio\BONGalistix-VisualStudio\BONGalistix-VisualStudio\BONGalistix-VisualStudio\geometrie.c(162,18): warning C4101: 'c2' : variable locale non référencée
  graph.c
  main.c
C:\Users\atoudeft\Documents\moumene\TCH009\devoir\A2021\a-distribuer\Projet initial - Microsoft Visual Studio\BONGalistix-VisualStudio\BONGalistix-VisualStudio\BONGalistix-VisualStudio\geometrie.c(161,15): warning C4101: 'b1' : variable locale non référencée
C:\Users\atoudeft\Documents\moumene\TCH009\devoir\A2021\a-distribuer\Projet initial - Microsoft Visual Studio\BONGalistix-VisualStudio\BONGalistix-VisualStudio\BONGalistix-VisualStudio\main.c(322,38): warning C4244: 'fonction' : conversion de 'double' en 'int', perte possible de données
C:\Users\atoudeft\Documents\moumene\TCH009\devoir\A2021\a-distribuer\Projet initial - Microsoft Visual Studio\BONGalistix-VisualStudio\BONGalistix-VisualStudio\BONGalistix-VisualStudio\main.c(270,1): warning C4996: 'sprintf': This function or variable may be unsafe. Consider using sprintf_s instead. To disable deprecation, use _CRT_SECURE_NO_WARNINGS. See online help for details.
C:\Program Files (x86)\Windows Kits\10\Include\10.0.19041.0\ucrt\stdio.h(1764): message : voir la déclaration de 'sprintf'
C:\Users\atoudeft\Documents\moumene\TCH009\devoir\A2021\a-distribuer\Projet initial - Microsoft Visual Studio\BONGalistix-VisualStudio\BONGalistix-VisualStudio\BONGalistix-VisualStudio\main.c(307,1): warning C4996: 'sprintf': This function or variable may be unsafe. Consider using sprintf_s instead. To disable deprecation, use _CRT_SECURE_NO_WARNINGS. See online help for details.
C:\Program Files (x86)\Windows Kits\10\Include\10.0.19041.0\ucrt\stdio.h(1764): message : voir la déclaration de 'sprintf'
C:\Users\atoudeft\Documents\moumene\TCH009\devoir\A2021\a-distribuer\Projet initial - Microsoft Visual Studio\BONGalistix-VisualStudio\BONGalistix-VisualStudio\BONGalistix-VisualStudio\main.c(214,9): warning C4101: 'i' : variable locale non référencée
C:\Users\atoudeft\Documents\moumene\TCH009\devoir\A2021\a-distribuer\Projet initial - Microsoft Visual Studio\BONGalistix-VisualStudio\BONGalistix-VisualStudio\BONGalistix-VisualStudio\main.c(485,66): warning C4244: 'fonction' : conversion de 'double' en 'int', perte possible de données
C:\Users\atoudeft\Documents\moumene\TCH009\devoir\A2021\a-distribuer\Projet initial - Microsoft Visual Studio\BONGalistix-VisualStudio\BONGalistix-VisualStudio\BONGalistix-VisualStudio\main.c(485,106): warning C4244: 'fonction' : conversion de 'double' en 'int', perte possible de données
C:\Users\atoudeft\Documents\moumene\TCH009\devoir\A2021\a-distribuer\Projet initial - Microsoft Visual Studio\BONGalistix-VisualStudio\BONGalistix-VisualStudio\BONGalistix-VisualStudio\main.c(486,66): warning C4244: 'fonction' : conversion de 'double' en 'int', perte possible de données
C:\Users\atoudeft\Documents\moumene\TCH009\devoir\A2021\a-distribuer\Projet initial - Microsoft Visual Studio\BONGalistix-VisualStudio\BONGalistix-VisualStudio\BONGalistix-VisualStudio\main.c(486,106): warning C4244: 'fonction' : conversion de 'double' en 'int', perte possible de données
C:\Users\atoudeft\Documents\moumene\TCH009\devoir\A2021\a-distribuer\Projet initial - Microsoft Visual Studio\BONGalistix-VisualStudio\BONGalistix-VisualStudio\BONGalistix-VisualStudio\main.c(527,9): warning C4101: 'i' : variable locale non référencée
C:\Users\atoudeft\Documents\moumene\TCH009\devoir\A2021\a-distribuer\Projet initial - Microsoft Visual Studio\BONGalistix-VisualStudio\BONGalistix-VisualStudio\BONGalistix-VisualStudio\main.c(592,15): warning C4101: 'yr' : variable locale non référencée
C:\Users\atoudeft\Documents\moumene\TCH009\devoir\A2021\a-distribuer\Projet initial - Microsoft Visual Studio\BONGalistix-VisualStudio\BONGalistix-VisualStudio\BONGalistix-VisualStudio\main.c(592,22): warning C4101: 'yrf' : variable locale non référencée
C:\Users\atoudeft\Documents\moumene\TCH009\devoir\A2021\a-distribuer\Projet initial - Microsoft Visual Studio\BONGalistix-VisualStudio\BONGalistix-VisualStudio\BONGalistix-VisualStudio\main.c(593,14): warning C4101: 'dr' : variable locale non référencée
C:\Users\atoudeft\Documents\moumene\TCH009\devoir\A2021\a-distribuer\Projet initial - Microsoft Visual Studio\BONGalistix-VisualStudio\BONGalistix-VisualStudio\BONGalistix-VisualStudio\main.c(595,9): warning C4101: 'i' : variable locale non référencée
C:\Users\atoudeft\Documents\moumene\TCH009\devoir\A2021\a-distribuer\Projet initial - Microsoft Visual Studio\BONGalistix-VisualStudio\BONGalistix-VisualStudio\BONGalistix-VisualStudio\main.c(593,17): warning C4101: 'drf' : variable locale non référencée
C:\Users\atoudeft\Documents\moumene\TCH009\devoir\A2021\a-distribuer\Projet initial - Microsoft Visual Studio\BONGalistix-VisualStudio\BONGalistix-VisualStudio\BONGalistix-VisualStudio\main.c(592,18): warning C4101: 'xrf' : variable locale non référencée
C:\Users\atoudeft\Documents\moumene\TCH009\devoir\A2021\a-distribuer\Projet initial - Microsoft Visual Studio\BONGalistix-VisualStudio\BONGalistix-VisualStudio\BONGalistix-VisualStudio\main.c(593,12): warning C4101: 'd' : variable locale non référencée
C:\Users\atoudeft\Documents\moumene\TCH009\devoir\A2021\a-distribuer\Projet initial - Microsoft Visual Studio\BONGalistix-VisualStudio\BONGalistix-VisualStudio\BONGalistix-VisualStudio\main.c(592,12): warning C4101: 'xr' : variable locale non référencée
C:\Users\atoudeft\Documents\moumene\TCH009\devoir\A2021\a-distribuer\Projet initial - Microsoft Visual Studio\BONGalistix-VisualStudio\BONGalistix-VisualStudio\BONGalistix-VisualStudio\main.c(714,12): warning C4101: 'l' : variable locale non référencée
C:\Users\atoudeft\Documents\moumene\TCH009\devoir\A2021\a-distribuer\Projet initial - Microsoft Visual Studio\BONGalistix-VisualStudio\BONGalistix-VisualStudio\BONGalistix-VisualStudio\main.c(787,1): warning C4996: 'sprintf': This function or variable may be unsafe. Consider using sprintf_s instead. To disable deprecation, use _CRT_SECURE_NO_WARNINGS. See online help for details.
C:\Program Files (x86)\Windows Kits\10\Include\10.0.19041.0\ucrt\stdio.h(1764): message : voir la déclaration de 'sprintf'
C:\Users\atoudeft\Documents\moumene\TCH009\devoir\A2021\a-distribuer\Projet initial - Microsoft Visual Studio\BONGalistix-VisualStudio\BONGalistix-VisualStudio\BONGalistix-VisualStudio\main.c(790,1): warning C4996: 'fopen': This function or variable may be unsafe. Consider using fopen_s instead. To disable deprecation, use _CRT_SECURE_NO_WARNINGS. See online help for details.
C:\Program Files (x86)\Windows Kits\10\Include\10.0.19041.0\ucrt\stdio.h(213): message : voir la déclaration de 'fopen'
C:\Users\atoudeft\Documents\moumene\TCH009\devoir\A2021\a-distribuer\Projet initial - Microsoft Visual Studio\BONGalistix-VisualStudio\BONGalistix-VisualStudio\BONGalistix-VisualStudio\main.c(807,1): warning C4996: 'sscanf': This function or variable may be unsafe. Consider using sscanf_s instead. To disable deprecation, use _CRT_SECURE_NO_WARNINGS. See online help for details.
C:\Program Files (x86)\Windows Kits\10\Include\10.0.19041.0\ucrt\stdio.h(2240): message : voir la déclaration de 'sscanf'
C:\Users\atoudeft\Documents\moumene\TCH009\devoir\A2021\a-distribuer\Projet initial - Microsoft Visual Studio\BONGalistix-VisualStudio\BONGalistix-VisualStudio\BONGalistix-VisualStudio\main.c(833,1): warning C4996: 'sscanf': This function or variable may be unsafe. Consider using sscanf_s instead. To disable deprecation, use _CRT_SECURE_NO_WARNINGS. See online help for details.
C:\Program Files (x86)\Windows Kits\10\Include\10.0.19041.0\ucrt\stdio.h(2240): message : voir la déclaration de 'sscanf'
C:\Users\atoudeft\Documents\moumene\TCH009\devoir\A2021\a-distribuer\Projet initial - Microsoft Visual Studio\BONGalistix-VisualStudio\BONGalistix-VisualStudio\BONGalistix-VisualStudio\main.c(846,1): warning C4996: 'sscanf': This function or variable may be unsafe. Consider using sscanf_s instead. To disable deprecation, use _CRT_SECURE_NO_WARNINGS. See online help for details.
C:\Program Files (x86)\Windows Kits\10\Include\10.0.19041.0\ucrt\stdio.h(2240): message : voir la déclaration de 'sscanf'
C:\Users\atoudeft\Documents\moumene\TCH009\devoir\A2021\a-distribuer\Projet initial - Microsoft Visual Studio\BONGalistix-VisualStudio\BONGalistix-VisualStudio\BONGalistix-VisualStudio\main.c(865,1): warning C4996: 'sscanf': This function or variable may be unsafe. Consider using sscanf_s instead. To disable deprecation, use _CRT_SECURE_NO_WARNINGS. See online help for details.
C:\Program Files (x86)\Windows Kits\10\Include\10.0.19041.0\ucrt\stdio.h(2240): message : voir la déclaration de 'sscanf'
C:\Users\atoudeft\Documents\moumene\TCH009\devoir\A2021\a-distribuer\Projet initial - Microsoft Visual Studio\BONGalistix-VisualStudio\BONGalistix-VisualStudio\BONGalistix-VisualStudio\main.c(878,1): warning C4996: 'sscanf': This function or variable may be unsafe. Consider using sscanf_s instead. To disable deprecation, use _CRT_SECURE_NO_WARNINGS. See online help for details.
C:\Program Files (x86)\Windows Kits\10\Include\10.0.19041.0\ucrt\stdio.h(2240): message : voir la déclaration de 'sscanf'
C:\Users\atoudeft\Documents\moumene\TCH009\devoir\A2021\a-distribuer\Projet initial - Microsoft Visual Studio\BONGalistix-VisualStudio\BONGalistix-VisualStudio\BONGalistix-VisualStudio\main.c(897,1): warning C4996: 'sscanf': This function or variable may be unsafe. Consider using sscanf_s instead. To disable deprecation, use _CRT_SECURE_NO_WARNINGS. See online help for details.
C:\Program Files (x86)\Windows Kits\10\Include\10.0.19041.0\ucrt\stdio.h(2240): message : voir la déclaration de 'sscanf'
C:\Users\atoudeft\Documents\moumene\TCH009\devoir\A2021\a-distribuer\Projet initial - Microsoft Visual Studio\BONGalistix-VisualStudio\BONGalistix-VisualStudio\BONGalistix-VisualStudio\main.c(913,1): warning C4996: 'sscanf': This function or variable may be unsafe. Consider using sscanf_s instead. To disable deprecation, use _CRT_SECURE_NO_WARNINGS. See online help for details.
C:\Program Files (x86)\Windows Kits\10\Include\10.0.19041.0\ucrt\stdio.h(2240): message : voir la déclaration de 'sscanf'
C:\Users\atoudeft\Documents\moumene\TCH009\devoir\A2021\a-distribuer\Projet initial - Microsoft Visual Studio\BONGalistix-VisualStudio\BONGalistix-VisualStudio\BONGalistix-VisualStudio\main.c(929,1): warning C4996: 'sscanf': This function or variable may be unsafe. Consider using sscanf_s instead. To disable deprecation, use _CRT_SECURE_NO_WARNINGS. See online help for details.
  Génération de code en cours...
C:\Program Files (x86)\Windows Kits\10\Include\10.0.19041.0\ucrt\stdio.h(2240): message : voir la déclaration de 'sscanf'
C:\Users\atoudeft\Documents\moumene\TCH009\devoir\A2021\a-distribuer\Projet initial - Microsoft Visual Studio\BONGalistix-VisualStudio\BONGalistix-VisualStudio\BONGalistix-VisualStudio\main.c(539): warning C4716: 'afficher_murs' : doit retourner une valeur
C:\Users\atoudeft\Documents\moumene\TCH009\devoir\A2021\a-distribuer\Projet initial - Microsoft Visual Studio\BONGalistix-VisualStudio\BONGalistix-VisualStudio\BONGalistix-VisualStudio\main.c(553): warning C4716: 'cible_atteinte' : doit retourner une valeur
  BONGalistix-VisualStudio.vcxproj -> C:\Users\atoudeft\Documents\moumene\TCH009\devoir\A2021\a-distribuer\Projet initial - Microsoft Visual Studio\BONGalistix-VisualStudio\BONGalistix-VisualStudio\Debug\BONGalistix-VisualStudio.exe
